<?xml version="1.0" encoding="UTF-8"?>
<robot generator="Robot 7.0 (Python 3.12.3 on win32)" generated="2024-05-07T15:58:09.345310" rpa="false" schemaversion="5">
<suite id="s1" name="Hello" source="C:\Users\aziani\Desktop\abc\Tests\Hello.robot">
<kw name="Begin Web Test" owner="Common" type="SETUP">
<kw name="Open Browser" owner="SeleniumLibrary">
<msg time="2024-05-07T15:58:09.548409" level="INFO">Opening browser 'Chrome' to base url 'https://demo.playground-crm.com/'.</msg>
<msg time="2024-05-07T15:58:11.358797" level="WARN">The chromedriver version (123.0.6312.122) detected in PATH at C:\Users\aziani\Desktop\abc\chromedriver.exe might not be compatible with the detected chrome version (124.0.6367.119); currently, chromedriver 124.0.6367.91 is recommended for chrome 124.*, so it is advised to delete the driver in PATH and retry</msg>
<arg>${URL}</arg>
<arg>${Browser}</arg>
<doc>Opens a new browser instance to the optional ``url``.</doc>
<status status="PASS" start="2024-05-07T15:58:09.548409" elapsed="25.111174"/>
</kw>
<kw name="Set Log Level" owner="BuiltIn">
<msg time="2024-05-07T15:58:34.659583" level="DEBUG">Log level changed from INFO to DEBUG.</msg>
<arg>debug</arg>
<doc>Sets the log threshold to the specified level.</doc>
<status status="PASS" start="2024-05-07T15:58:34.659583" elapsed="0.000000"/>
</kw>
<status status="PASS" start="2024-05-07T15:58:09.547311" elapsed="25.112272"/>
</kw>
<test id="s1-t1" name=" 1-Open Sign in Page and login" line="28">
<kw name="Add signin data and submit" owner="signin">
<kw name="Input Text" owner="SeleniumLibrary">
<msg time="2024-05-07T15:58:34.660583" level="INFO">Typing text 'admin' into text field 'id=user'.</msg>
<msg time="2024-05-07T15:58:34.661583" level="DEBUG">POST http://localhost:58372/session/67faf4af91498c77bb67ab65dcf3589e/elements {'using': 'css selector', 'value': '[id="user"]'}</msg>
<msg time="2024-05-07T15:58:34.669583" level="DEBUG">http://localhost:58372 "POST /session/67faf4af91498c77bb67ab65dcf3589e/elements HTTP/1.1" 200 0</msg>
<msg time="2024-05-07T15:58:34.669583" level="DEBUG">Remote response: status=200 | data={"value":[{"element-6066-11e4-a52e-4f735466cecf":"f.997FB6FFEAF58531F5E89D09BCF20B40.d.99E62ED0A81F71238D35C62CFD98091D.e.3"}]} | headers=HTTPHeaderDict({'Content-Length': '127', 'Content-Type': 'application/json; charset=utf-8', 'cache-control': 'no-cache'})</msg>
<msg time="2024-05-07T15:58:34.669583" level="DEBUG">Finished Request</msg>
<msg time="2024-05-07T15:58:34.669583" level="DEBUG">POST http://localhost:58372/session/67faf4af91498c77bb67ab65dcf3589e/element/f.997FB6FFEAF58531F5E89D09BCF20B40.d.99E62ED0A81F71238D35C62CFD98091D.e.3/clear {}</msg>
<msg time="2024-05-07T15:58:34.693584" level="DEBUG">http://localhost:58372 "POST /session/67faf4af91498c77bb67ab65dcf3589e/element/f.997FB6FFEAF58531F5E89D09BCF20B40.d.99E62ED0A81F71238D35C62CFD98091D.e.3/clear HTTP/1.1" 200 0</msg>
<msg time="2024-05-07T15:58:34.693584" level="DEBUG">Remote response: status=200 | data={"value":null} | headers=HTTPHeaderDict({'Content-Length': '14', 'Content-Type': 'application/json; charset=utf-8', 'cache-control': 'no-cache'})</msg>
<msg time="2024-05-07T15:58:34.693584" level="DEBUG">Finished Request</msg>
<msg time="2024-05-07T15:58:34.693584" level="DEBUG">POST http://localhost:58372/session/67faf4af91498c77bb67ab65dcf3589e/element/f.997FB6FFEAF58531F5E89D09BCF20B40.d.99E62ED0A81F71238D35C62CFD98091D.e.3/value {'text': 'admin', 'value': ['a', 'd', 'm', 'i', 'n']}</msg>
<msg time="2024-05-07T15:58:34.720584" level="DEBUG">http://localhost:58372 "POST /session/67faf4af91498c77bb67ab65dcf3589e/element/f.997FB6FFEAF58531F5E89D09BCF20B40.d.99E62ED0A81F71238D35C62CFD98091D.e.3/value HTTP/1.1" 200 0</msg>
<msg time="2024-05-07T15:58:34.720584" level="DEBUG">Remote response: status=200 | data={"value":null} | headers=HTTPHeaderDict({'Content-Length': '14', 'Content-Type': 'application/json; charset=utf-8', 'cache-control': 'no-cache'})</msg>
<msg time="2024-05-07T15:58:34.720584" level="DEBUG">Finished Request</msg>
<arg>${INPUT_LOGIN}</arg>
<arg>${INPUT_LOGIN_VALUE}</arg>
<doc>Types the given ``text`` into the text field identified by ``locator``.</doc>
<status status="PASS" start="2024-05-07T15:58:34.660583" elapsed="0.060001"/>
</kw>
<kw name="Input Password" owner="SeleniumLibrary">
<msg time="2024-05-07T15:58:34.720584" level="INFO">Typing password into text field 'id=password'.</msg>
<msg time="2024-05-07T15:58:34.720584" level="DEBUG">POST http://localhost:58372/session/67faf4af91498c77bb67ab65dcf3589e/elements {'using': 'css selector', 'value': '[id="password"]'}</msg>
<msg time="2024-05-07T15:58:34.728583" level="DEBUG">http://localhost:58372 "POST /session/67faf4af91498c77bb67ab65dcf3589e/elements HTTP/1.1" 200 0</msg>
<msg time="2024-05-07T15:58:34.728583" level="DEBUG">Remote response: status=200 | data={"value":[{"element-6066-11e4-a52e-4f735466cecf":"f.997FB6FFEAF58531F5E89D09BCF20B40.d.99E62ED0A81F71238D35C62CFD98091D.e.4"}]} | headers=HTTPHeaderDict({'Content-Length': '127', 'Content-Type': 'application/json; charset=utf-8', 'cache-control': 'no-cache'})</msg>
<msg time="2024-05-07T15:58:34.728583" level="DEBUG">Finished Request</msg>
<msg time="2024-05-07T15:58:34.728583" level="DEBUG">POST http://localhost:58372/session/67faf4af91498c77bb67ab65dcf3589e/element/f.997FB6FFEAF58531F5E89D09BCF20B40.d.99E62ED0A81F71238D35C62CFD98091D.e.4/clear {}</msg>
<msg time="2024-05-07T15:58:34.743583" level="DEBUG">http://localhost:58372 "POST /session/67faf4af91498c77bb67ab65dcf3589e/element/f.997FB6FFEAF58531F5E89D09BCF20B40.d.99E62ED0A81F71238D35C62CFD98091D.e.4/clear HTTP/1.1" 200 0</msg>
<msg time="2024-05-07T15:58:34.743583" level="DEBUG">Remote response: status=200 | data={"value":null} | headers=HTTPHeaderDict({'Content-Length': '14', 'Content-Type': 'application/json; charset=utf-8', 'cache-control': 'no-cache'})</msg>
<msg time="2024-05-07T15:58:34.743583" level="DEBUG">Finished Request</msg>
<msg time="2024-05-07T15:58:34.743583" level="INFO">Temporally setting log level to: NONE</msg>
<msg time="2024-05-07T15:58:34.768583" level="DEBUG">Log level changed from NONE to DEBUG.</msg>
<arg>${INPUT_PASSWORD}</arg>
<arg>${INPUT_PASSWORD_VALUE}</arg>
<doc>Types the given password into the text field identified by ``locator``.</doc>
<status status="PASS" start="2024-05-07T15:58:34.720584" elapsed="0.047999"/>
</kw>
<kw name="Set Selenium Timeout" owner="SeleniumLibrary">
<msg time="2024-05-07T15:58:34.768583" level="DEBUG">POST http://localhost:58372/session/67faf4af91498c77bb67ab65dcf3589e/timeouts {'script': 2000}</msg>
<msg time="2024-05-07T15:58:34.769584" level="DEBUG">http://localhost:58372 "POST /session/67faf4af91498c77bb67ab65dcf3589e/timeouts HTTP/1.1" 200 0</msg>
<msg time="2024-05-07T15:58:34.769584" level="DEBUG">Remote response: status=200 | data={"value":null} | headers=HTTPHeaderDict({'Content-Length': '14', 'Content-Type': 'application/json; charset=utf-8', 'cache-control': 'no-cache'})</msg>
<msg time="2024-05-07T15:58:34.769584" level="DEBUG">Finished Request</msg>
<arg>2s</arg>
<doc>Sets the timeout that is used by various keywords.</doc>
<status status="PASS" start="2024-05-07T15:58:34.768583" elapsed="0.001001"/>
</kw>
<kw name="Click Button" owner="SeleniumLibrary">
<msg time="2024-05-07T15:58:34.769584" level="INFO">Clicking button 'Login!'.</msg>
<msg time="2024-05-07T15:58:34.769584" level="DEBUG">GET http://localhost:58372/session/67faf4af91498c77bb67ab65dcf3589e/url {}</msg>
<msg time="2024-05-07T15:58:34.771583" level="DEBUG">http://localhost:58372 "GET /session/67faf4af91498c77bb67ab65dcf3589e/url HTTP/1.1" 200 0</msg>
<msg time="2024-05-07T15:58:34.772584" level="DEBUG">Remote response: status=200 | data={"value":"https://demo.playground-crm.com/"} | headers=HTTPHeaderDict({'Content-Length': '44', 'Content-Type': 'application/json; charset=utf-8', 'cache-control': 'no-cache'})</msg>
<msg time="2024-05-07T15:58:34.772584" level="DEBUG">Finished Request</msg>
<msg time="2024-05-07T15:58:34.772584" level="DEBUG">POST http://localhost:58372/session/67faf4af91498c77bb67ab65dcf3589e/elements {'using': 'xpath', 'value': "//input[(@id='Login!' or @name='Login!' or @value='Login!' or @src='Login!' or @src='https://demo.pl..."}</msg>
<msg time="2024-05-07T15:58:34.779583" level="DEBUG">http://localhost:58372 "POST /session/67faf4af91498c77bb67ab65dcf3589e/elements HTTP/1.1" 200 0</msg>
<msg time="2024-05-07T15:58:34.779583" level="DEBUG">Remote response: status=200 | data={"value":[]} | headers=HTTPHeaderDict({'Content-Length': '12', 'Content-Type': 'application/json; charset=utf-8', 'cache-control': 'no-cache'})</msg>
<msg time="2024-05-07T15:58:34.779583" level="DEBUG">Finished Request</msg>
<msg time="2024-05-07T15:58:34.779583" level="DEBUG">POST http://localhost:58372/session/67faf4af91498c77bb67ab65dcf3589e/elements {'using': 'xpath', 'value': "//button[(@id='Login!' or @name='Login!' or @value='Login!' or normalize-space(descendant-or-self::t..."}</msg>
<msg time="2024-05-07T15:58:34.785584" level="DEBUG">http://localhost:58372 "POST /session/67faf4af91498c77bb67ab65dcf3589e/elements HTTP/1.1" 200 0</msg>
<msg time="2024-05-07T15:58:34.785584" level="DEBUG">Remote response: status=200 | data={"value":[{"element-6066-11e4-a52e-4f735466cecf":"f.997FB6FFEAF58531F5E89D09BCF20B40.d.99E62ED0A81F71238D35C62CFD98091D.e.5"}]} | headers=HTTPHeaderDict({'Content-Length': '127', 'Content-Type': 'application/json; charset=utf-8', 'cache-control': 'no-cache'})</msg>
<msg time="2024-05-07T15:58:34.785584" level="DEBUG">Finished Request</msg>
<msg time="2024-05-07T15:58:34.785584" level="DEBUG">POST http://localhost:58372/session/67faf4af91498c77bb67ab65dcf3589e/element/f.997FB6FFEAF58531F5E89D09BCF20B40.d.99E62ED0A81F71238D35C62CFD98091D.e.5/click {}</msg>
<msg time="2024-05-07T15:58:36.821784" level="DEBUG">http://localhost:58372 "POST /session/67faf4af91498c77bb67ab65dcf3589e/element/f.997FB6FFEAF58531F5E89D09BCF20B40.d.99E62ED0A81F71238D35C62CFD98091D.e.5/click HTTP/1.1" 200 0</msg>
<msg time="2024-05-07T15:58:36.821784" level="DEBUG">Remote response: status=200 | data={"value":null} | headers=HTTPHeaderDict({'Content-Length': '14', 'Content-Type': 'application/json; charset=utf-8', 'cache-control': 'no-cache'})</msg>
<msg time="2024-05-07T15:58:36.822780" level="DEBUG">Finished Request</msg>
<arg>${BUTTON_LOGIN}</arg>
<doc>Clicks the button identified by ``locator``.</doc>
<status status="PASS" start="2024-05-07T15:58:34.769584" elapsed="2.053196"/>
</kw>
<status status="PASS" start="2024-05-07T15:58:34.660583" elapsed="2.162197"/>
</kw>
<doc>Open Signin Page and login</doc>
<tag>1007</tag>
<tag>Login</tag>
<tag>Smoke</tag>
<status status="PASS" start="2024-05-07T15:58:34.659583" elapsed="2.163197"/>
</test>
<kw name="End Web Test" owner="Common" type="TEARDOWN">
<kw name="Close All Browsers" owner="SeleniumLibrary">
<msg time="2024-05-07T15:58:36.824780" level="DEBUG">Closing all browsers.</msg>
<msg time="2024-05-07T15:58:36.824780" level="DEBUG">DELETE http://localhost:58372/session/67faf4af91498c77bb67ab65dcf3589e {}</msg>
<msg time="2024-05-07T15:58:36.859779" level="DEBUG">http://localhost:58372 "DELETE /session/67faf4af91498c77bb67ab65dcf3589e HTTP/1.1" 200 0</msg>
<msg time="2024-05-07T15:58:36.859779" level="DEBUG">Remote response: status=200 | data={"value":null} | headers=HTTPHeaderDict({'Content-Length': '14', 'Content-Type': 'application/json; charset=utf-8', 'cache-control': 'no-cache'})</msg>
<msg time="2024-05-07T15:58:36.859779" level="DEBUG">Finished Request</msg>
<doc>Closes all open browsers and resets the browser cache.</doc>
<status status="PASS" start="2024-05-07T15:58:36.824780" elapsed="6.208598"/>
</kw>
<status status="PASS" start="2024-05-07T15:58:36.824780" elapsed="6.208598"/>
</kw>
<status status="PASS" start="2024-05-07T15:58:09.346312" elapsed="33.687066"/>
</suite>
<statistics>
<total>
<stat pass="1" fail="0" skip="0">All Tests</stat>
</total>
<tag>
<stat pass="1" fail="0" skip="0">1007</stat>
<stat pass="1" fail="0" skip="0">Login</stat>
<stat pass="1" fail="0" skip="0">Smoke</stat>
</tag>
<suite>
<stat pass="1" fail="0" skip="0" id="s1" name="Hello">Hello</stat>
</suite>
</statistics>
<errors>
<msg time="2024-05-07T15:58:11.358797" level="WARN">The chromedriver version (123.0.6312.122) detected in PATH at C:\Users\aziani\Desktop\abc\chromedriver.exe might not be compatible with the detected chrome version (124.0.6367.119); currently, chromedriver 124.0.6367.91 is recommended for chrome 124.*, so it is advised to delete the driver in PATH and retry</msg>
</errors>
</robot>
